AAAAIMNR
AAAAIMRN
AAAAINMR
AAAAINRM
AAAAIRMN
AAAAIRNM
AAAAMINR
AAAAMIRN
AAAAMNIR
AAAAMNRI
AAAAMRIN
AAAAMRNI
AAAANIMR
AAAANIRM
AAAANMIR
AAAANMRI
AAAANRIM
AAAANRMI
AAAARIMN
AAAARINM
AAAARMIN
AAAARMNI
AAAARNIM
AAAARNMI
AAAIAMNR
AAAIAMRN
AAAIANMR
AAAIANRM
AAAIARMN
AAAIARNM
AAAIMANR
AAAIMARN
AAAIMNAR
AAAIMNRA
AAAIMRAN
AAAIMRNA
AAAINAMR
AAAINARM
AAAINMAR
AAAINMRA
AAAINRAM
AAAINRMA
AAAIRAMN
AAAIRANM
AAAIRMAN
AAAIRMNA
AAAIRNAM
AAAIRNMA
AAAMAINR
AAAMAIRN
AAAMANIR
AAAMANRI
AAAMARIN
AAAMARNI
AAAMIANR
AAAMIARN
AAAMINAR
AAAMINRA
AAAMIRAN
AAAMIRNA
AAAMNAIR
AAAMNARI
AAAMNIAR
AAAMNIRA
AAAMNRAI
AAAMNRIA
AAAMRAIN
AAAMRANI
AAAMRIAN
AAAMRINA
AAAMRNAI
AAAMRNIA
AAANAIMR
AAANAIRM
AAANAMIR
AAANAMRI
AAANARIM
AAANARMI
AAANIAMR
AAANIARM
AAANIMAR
AAANIMRA
AAANIRAM
AAANIRMA
AAANMAIR
AAANMARI
AAANMIAR
AAANMIRA
AAANMRAI
AAANMRIA
AAANRAIM
AAANRAMI
AAANRIAM
AAANRIMA
AAANRMAI
AAANRMIA
AAARAIMN
AAARAINM
AAARAMIN
AAARAMNI
AAARANIM
AAARANMI
AAARIAMN
AAARIANM
AAARIMAN
AAARIMNA
AAARINAM
AAARINMA
AAARMAIN
AAARMANI
AAARMIAN
AAARMINA
AAARMNAI
AAARMNIA
AAARNAIM
AAARNAMI
AAARNIAM
AAARNIMA
AAARNMAI
AAARNMIA
AAIAAMNR
AAIAAMRN
AAIAANMR
AAIAANRM
AAIAARMN
AAIAARNM
AAIAMANR
AAIAMARN
AAIAMNAR
AAIAMNRA
AAIAMRAN
AAIAMRNA
AAIANAMR
AAIANARM
AAIANMAR
AAIANMRA
AAIANRAM
AAIANRMA
AAIARAMN
AAIARANM
AAIARMAN
AAIARMNA
AAIARNAM
AAIARNMA
AAIMAANR
AAIMAARN
AAIMANAR
AAIMANRA
AAIMARAN
AAIMARNA
AAIMNAAR
AAIMNARA
AAIMNRAA
AAIMRAAN
AAIMRANA
AAIMRNAA
AAINAAMR
AAINAARM
AAINAMAR
AAINAMRA
AAINARAM
AAINARMA
AAINMAAR
AAINMARA
AAINMRAA
AAINRAAM
AAINRAMA
AAINRMAA
AAIRAAMN
AAIRAANM
AAIRAMAN
AAIRAMNA
AAIRANAM
AAIRANMA
AAIRMAAN
AAIRMANA
AAIRMNAA
AAIRNAAM
AAIRNAMA
AAIRNMAA
AAMAAINR
AAMAAIRN
AAMAANIR
AAMAANRI
AAMAARIN
AAMAARNI
AAMAIANR
AAMAIARN
AAMAINAR
AAMAINRA
AAMAIRAN
AAMAIRNA
AAMANAIR
AAMANARI
AAMANIAR
AAMANIRA
AAMANRAI
AAMANRIA
AAMARAIN
AAMARANI
AAMARIAN
AAMARINA
AAMARNAI
AAMARNIA
AAMIAANR
AAMIAARN
AAMIANAR
AAMIANRA
AAMIARAN
AAMIARNA
AAMINAAR
AAMINARA
AAMINRAA
AAMIRAAN
AAMIRANA
AAMIRNAA
AAMNAAIR
AAMNAARI
AAMNAIAR
AAMNAIRA
AAMNARAI
AAMNARIA
AAMNIAAR
AAMNIARA
AAMNIRAA
AAMNRAAI
AAMNRAIA
AAMNRIAA
AAMRAAIN
AAMRAANI
AAMRAIAN
AAMRAINA
AAMRANAI
AAMRANIA
AAMRIAAN
AAMRIANA
AAMRINAA
AAMRNAAI
AAMRNAIA
AAMRNIAA
AANAAIMR
AANAAIRM
AANAAMIR
AANAAMRI
AANAARIM
AANAARMI
AANAIAMR
AANAIARM
AANAIMAR
AANAIMRA
AANAIRAM
AANAIRMA
AANAMAIR
AANAMARI
AANAMIAR
AANAMIRA
AANAMRAI
AANAMRIA
AANARAIM
AANARAMI
AANARIAM
AANARIMA
AANARMAI
AANARMIA
AANIAAMR
AANIAARM
AANIAMAR
AANIAMRA
AANIARAM
AANIARMA
AANIMAAR
AANIMARA
AANIMRAA
AANIRAAM
AANIRAMA
AANIRMAA
AANMAAIR
AANMAARI
AANMAIAR
AANMAIRA
AANMARAI
AANMARIA
AANMIAAR
AANMIARA
AANMIRAA
AANMRAAI
AANMRAIA
AANMRIAA
AANRAAIM
AANRAAMI
AANRAIAM
AANRAIMA
AANRAMAI
AANRAMIA
AANRIAAM
AANRIAMA
AANRIMAA
AANRMAAI
AANRMAIA
AANRMIAA
AARAAIMN
AARAAINM
AARAAMIN
AARAAMNI
AARAANIM
AARAANMI
AARAIAMN
AARAIANM
AARAIMAN
AARAIMNA
AARAINAM
AARAINMA
AARAMAIN
AARAMANI
AARAMIAN
AARAMINA
AARAMNAI
AARAMNIA
AARANAIM
AARANAMI
AARANIAM
AARANIMA
AARANMAI
AARANMIA
AARIAAMN
AARIAANM
AARIAMAN
AARIAMNA
AARIANAM
AARIANMA
AARIMAAN
AARIMANA
AARIMNAA
AARINAAM
AARINAMA
AARINMAA
AARMAAIN
AARMAANI
AARMAIAN
AARMAINA
AARMANAI
AARMANIA
AARMIAAN
AARMIANA
AARMINAA
AARMNAAI
AARMNAIA
AARMNIAA
AARNAAIM
AARNAAMI
AARNAIAM
AARNAIMA
AARNAMAI
AARNAMIA
AARNIAAM
AARNIAMA
AARNIMAA
AARNMAAI
AARNMAIA
AARNMIAA
AIAAAMNR
AIAAAMRN
AIAAANMR
AIAAANRM
AIAAARMN
AIAAARNM
AIAAMANR
AIAAMARN
AIAAMNAR
AIAAMNRA
AIAAMRAN
AIAAMRNA
AIAANAMR
AIAANARM
AIAANMAR
AIAANMRA
AIAANRAM
AIAANRMA
AIAARAMN
AIAARANM
AIAARMAN
AIAARMNA
AIAARNAM
AIAARNMA
AIAMAANR
AIAMAARN
AIAMANAR
AIAMANRA
AIAMARAN
AIAMARNA
AIAMNAAR
AIAMNARA
AIAMNRAA
AIAMRAAN
AIAMRANA
AIAMRNAA
AIANAAMR
AIANAARM
AIANAMAR
AIANAMRA
AIANARAM
AIANARMA
AIANMAAR
AIANMARA
AIANMRAA
AIANRAAM
AIANRAMA
AIANRMAA
AIARAAMN
AIARAANM
AIARAMAN
AIARAMNA
AIARANAM
AIARANMA
AIARMAAN
AIARMANA
AIARMNAA
AIARNAAM
AIARNAMA
AIARNMAA
AIMAAANR
AIMAAARN
AIMAANAR
AIMAANRA
AIMAARAN
AIMAARNA
AIMANAAR
AIMANARA
AIMANRAA
AIMARAAN
AIMARANA
AIMARNAA
AIMNAAAR
AIMNAARA
AIMNARAA
AIMNRAAA
AIMRAAAN
AIMRAANA
AIMRANAA
AIMRNAAA
AINAAAMR
AINAAARM
AINAAMAR
AINAAMRA
AINAARAM
AINAARMA
AINAMAAR
AINAMARA
AINAMRAA
AINARAAM
AINARAMA
AINARMAA
AINMAAAR
AINMAARA
AINMARAA
AINMRAAA
AINRAAAM
AINRAAMA
AINRAMAA
AINRMAAA
AIRAAAMN
AIRAAANM
AIRAAMAN
AIRAAMNA
AIRAANAM
AIRAANMA
AIRAMAAN
AIRAMANA
AIRAMNAA
AIRANAAM
AIRANAMA
AIRANMAA
AIRMAAAN
AIRMAANA
AIRMANAA
AIRMNAAA
AIRNAAAM
AIRNAAMA
AIRNAMAA
AIRNMAAA
AMAAAINR
AMAAAIRN
AMAAANIR
AMAAANRI
AMAAARIN
AMAAARNI
AMAAIANR
AMAAIARN
AMAAINAR
AMAAINRA
AMAAIRAN
AMAAIRNA
AMAANAIR
AMAANARI
AMAANIAR
AMAANIRA
AMAANRAI
AMAANRIA
AMAARAIN
AMAARANI
AMAARIAN
AMAARINA
AMAARNAI
AMAARNIA
AMAIAANR
AMAIAARN
AMAIANAR
AMAIANRA
AMAIARAN
AMAIARNA
AMAINAAR
AMAINARA
AMAINRAA
AMAIRAAN
AMAIRANA
AMAIRNAA
AMANAAIR
AMANAARI
AMANAIAR
AMANAIRA
AMANARAI
AMANARIA
AMANIAAR
AMANIARA
AMANIRAA
AMANRAAI
AMANRAIA
AMANRIAA
AMARAAIN
AMARAANI
AMARAIAN
AMARAINA
AMARANAI
AMARANIA
AMARIAAN
AMARIANA
AMARINAA
AMARNAAI
AMARNAIA
AMARNIAA
AMIAAANR
AMIAAARN
AMIAANAR
AMIAANRA
AMIAARAN
AMIAARNA
AMIANAAR
AMIANARA
AMIANRAA
AMIARAAN
AMIARANA
AMIARNAA
AMINAAAR
AMINAARA
AMINARAA
AMINRAAA
AMIRAAAN
AMIRAANA
AMIRANAA
AMIRNAAA
AMNAAAIR
AMNAAARI
AMNAAIAR
AMNAAIRA
AMNAARAI
AMNAARIA
AMNAIAAR
AMNAIARA
AMNAIRAA
AMNARAAI
AMNARAIA
AMNARIAA
AMNIAAAR
AMNIAARA
AMNIARAA
AMNIRAAA
AMNRAAAI
AMNRAAIA
AMNRAIAA
AMNRIAAA
AMRAAAIN
AMRAAANI
AMRAAIAN
AMRAAINA
AMRAANAI
AMRAANIA
AMRAIAAN
AMRAIANA
AMRAINAA
AMRANAAI
AMRANAIA
AMRANIAA
AMRIAAAN
AMRIAANA
AMRIANAA
AMRINAAA
AMRNAAAI
AMRNAAIA
AMRNAIAA
AMRNIAAA
ANAAAIMR
ANAAAIRM
ANAAAMIR
ANAAAMRI
ANAAARIM
ANAAARMI
ANAAIAMR
ANAAIARM
ANAAIMAR
ANAAIMRA
ANAAIRAM
ANAAIRMA
ANAAMAIR
ANAAMARI
ANAAMIAR
ANAAMIRA
ANAAMRAI
ANAAMRIA
ANAARAIM
ANAARAMI
ANAARIAM
ANAARIMA
ANAARMAI
ANAARMIA
ANAIAAMR
ANAIAARM
ANAIAMAR
ANAIAMRA
ANAIARAM
ANAIARMA
ANAIMAAR
ANAIMARA
ANAIMRAA
ANAIRAAM
ANAIRAMA
ANAIRMAA
ANAMAAIR
ANAMAARI
ANAMAIAR
ANAMAIRA
ANAMARAI
ANAMARIA
ANAMIAAR
ANAMIARA
ANAMIRAA
ANAMRAAI
ANAMRAIA
ANAMRIAA
ANARAAIM
ANARAAMI
ANARAIAM
ANARAIMA
ANARAMAI
ANARAMIA
ANARIAAM
ANARIAMA
ANARIMAA
ANARMAAI
ANARMAIA
ANARMIAA
ANIAAAMR
ANIAAARM
ANIAAMAR
ANIAAMRA
ANIAARAM
ANIAARMA
ANIAMAAR
ANIAMARA
ANIAMRAA
ANIARAAM
ANIARAMA
ANIARMAA
ANIMAAAR
ANIMAARA
ANIMARAA
ANIMRAAA
ANIRAAAM
ANIRAAMA
ANIRAMAA
ANIRMAAA
ANMAAAIR
ANMAAARI
ANMAAIAR
ANMAAIRA
ANMAARAI
ANMAARIA
ANMAIAAR
ANMAIARA
ANMAIRAA
ANMARAAI
ANMARAIA
ANMARIAA
ANMIAAAR
ANMIAARA
ANMIARAA
ANMIRAAA
ANMRAAAI
ANMRAAIA
ANMRAIAA
ANMRIAAA
ANRAAAIM
ANRAAAMI
ANRAAIAM
ANRAAIMA
ANRAAMAI
ANRAAMIA
ANRAIAAM
ANRAIAMA
ANRAIMAA
ANRAMAAI
ANRAMAIA
ANRAMIAA
ANRIAAAM
ANRIAAMA
ANRIAMAA
ANRIMAAA
ANRMAAAI
ANRMAAIA
ANRMAIAA
ANRMIAAA
ARAAAIMN
ARAAAINM
ARAAAMIN
ARAAAMNI
ARAAANIM
ARAAANMI
ARAAIAMN
ARAAIANM
ARAAIMAN
ARAAIMNA
ARAAINAM
ARAAINMA
ARAAMAIN
ARAAMANI
ARAAMIAN
ARAAMINA
ARAAMNAI
ARAAMNIA
ARAANAIM
ARAANAMI
ARAANIAM
ARAANIMA
ARAANMAI
ARAANMIA
ARAIAAMN
ARAIAANM
ARAIAMAN
ARAIAMNA
ARAIANAM
ARAIANMA
ARAIMAAN
ARAIMANA
ARAIMNAA
ARAINAAM
ARAINAMA
ARAINMAA
ARAMAAIN
ARAMAANI
ARAMAIAN
ARAMAINA
ARAMANAI
ARAMANIA
ARAMIAAN
ARAMIANA
ARAMINAA
ARAMNAAI
ARAMNAIA
ARAMNIAA
ARANAAIM
ARANAAMI
ARANAIAM
ARANAIMA
ARANAMAI
ARANAMIA
ARANIAAM
ARANIAMA
ARANIMAA
ARANMAAI
ARANMAIA
ARANMIAA
ARIAAAMN
ARIAAANM
ARIAAMAN
ARIAAMNA
ARIAANAM
ARIAANMA
ARIAMAAN
ARIAMANA
ARIAMNAA
ARIANAAM
ARIANAMA
ARIANMAA
ARIMAAAN
ARIMAANA
ARIMANAA
ARIMNAAA
ARINAAAM
ARINAAMA
ARINAMAA
ARINMAAA
ARMAAAIN
ARMAAANI
ARMAAIAN
ARMAAINA
ARMAANAI
ARMAANIA
ARMAIAAN
ARMAIANA
ARMAINAA
ARMANAAI
ARMANAIA
ARMANIAA
ARMIAAAN
ARMIAANA
ARMIANAA
ARMINAAA
ARMNAAAI
ARMNAAIA
ARMNAIAA
ARMNIAAA
ARNAAAIM
ARNAAAMI
ARNAAIAM
ARNAAIMA
ARNAAMAI
ARNAAMIA
ARNAIAAM
ARNAIAMA
ARNAIMAA
ARNAMAAI
ARNAMAIA
ARNAMIAA
ARNIAAAM
ARNIAAMA
ARNIAMAA
ARNIMAAA
ARNMAAAI
ARNMAAIA
ARNMAIAA
ARNMIAAA
IAAAAMNR
IAAAAMRN
IAAAANMR
IAAAANRM
IAAAARMN
IAAAARNM
IAAAMANR
IAAAMARN
IAAAMNAR
IAAAMNRA
IAAAMRAN
IAAAMRNA
IAAANAMR
IAAANARM
IAAANMAR
IAAANMRA
IAAANRAM
IAAANRMA
IAAARAMN
IAAARANM
IAAARMAN
IAAARMNA
IAAARNAM
IAAARNMA
IAAMAANR
IAAMAARN
IAAMANAR
IAAMANRA
IAAMARAN
IAAMARNA
IAAMNAAR
IAAMNARA
IAAMNRAA
IAAMRAAN
IAAMRANA
IAAMRNAA
IAANAAMR
IAANAARM
IAANAMAR
IAANAMRA
IAANARAM
IAANARMA
IAANMAAR
IAANMARA
IAANMRAA
IAANRAAM
IAANRAMA
IAANRMAA
IAARAAMN
IAARAANM
IAARAMAN
IAARAMNA
IAARANAM
IAARANMA
IAARMAAN
IAARMANA
IAARMNAA
IAARNAAM
IAARNAMA
IAARNMAA
IAMAAANR
IAMAAARN
IAMAANAR
IAMAANRA
IAMAARAN
IAMAARNA
IAMANAAR
IAMANARA
IAMANRAA
IAMARAAN
IAMARANA
IAMARNAA
IAMNAAAR
IAMNAARA
IAMNARAA
IAMNRAAA
IAMRAAAN
IAMRAANA
IAMRANAA
IAMRNAAA
IANAAAMR
IANAAARM
IANAAMAR
IANAAMRA
IANAARAM
IANAARMA
IANAMAAR
IANAMARA
IANAMRAA
IANARAAM
IANARAMA
IANARMAA
IANMAAAR
IANMAARA
IANMARAA
IANMRAAA
IANRAAAM
IANRAAMA
IANRAMAA
IANRMAAA
IARAAAMN
IARAAANM
IARAAMAN
IARAAMNA
IARAANAM
IARAANMA
IARAMAAN
IARAMANA
IARAMNAA
IARANAAM
IARANAMA
IARANMAA
IARMAAAN
IARMAANA
IARMANAA
IARMNAAA
IARNAAAM
IARNAAMA
IARNAMAA
IARNMAAA
IMAAAANR
IMAAAARN
IMAAANAR
IMAAANRA
IMAAARAN
IMAAARNA
IMAANAAR
IMAANARA
IMAANRAA
IMAARAAN
IMAARANA
IMAARNAA
IMANAAAR
IMANAARA
IMANARAA
IMANRAAA
IMARAAAN
IMARAANA
IMARANAA
IMARNAAA
IMNAAAAR
IMNAAARA
IMNAARAA
IMNARAAA
IMNRAAAA
IMRAAAAN
IMRAAANA
IMRAANAA
IMRANAAA
IMRNAAAA
INAAAAMR
INAAAARM
INAAAMAR
INAAAMRA
INAAARAM
INAAARMA
INAAMAAR
INAAMARA
INAAMRAA
INAARAAM
INAARAMA
INAARMAA
INAMAAAR
INAMAARA
INAMARAA
INAMRAAA
INARAAAM
INARAAMA
INARAMAA
INARMAAA
INMAAAAR
INMAAARA
INMAARAA
INMARAAA
INMRAAAA
INRAAAAM
INRAAAMA
INRAAMAA
INRAMAAA
INRMAAAA
IRAAAAMN
IRAAAANM
IRAAAMAN
IRAAAMNA
IRAAANAM
IRAAANMA
IRAAMAAN
IRAAMANA
IRAAMNAA
IRAANAAM
IRAANAMA
IRAANMAA
IRAMAAAN
IRAMAANA
IRAMANAA
IRAMNAAA
IRANAAAM
IRANAAMA
IRANAMAA
IRANMAAA
IRMAAAAN
IRMAAANA
IRMAANAA
IRMANAAA
IRMNAAAA
IRNAAAAM
IRNAAAMA
IRNAAMAA
IRNAMAAA
IRNMAAAA
MAAAAINR
MAAAAIRN
MAAAANIR
MAAAANRI
MAAAARIN
MAAAARNI
MAAAIANR
MAAAIARN
MAAAINAR
MAAAINRA
MAAAIRAN
MAAAIRNA
MAAANAIR
MAAANARI
MAAANIAR
MAAANIRA
MAAANRAI
MAAANRIA
MAAARAIN
MAAARANI
MAAARIAN
MAAARINA
MAAARNAI
MAAARNIA
MAAIAANR
MAAIAARN
MAAIANAR
MAAIANRA
MAAIARAN
MAAIARNA
MAAINAAR
MAAINARA
MAAINRAA
MAAIRAAN
MAAIRANA
MAAIRNAA
MAANAAIR
MAANAARI
MAANAIAR
MAANAIRA
MAANARAI
MAANARIA
MAANIAAR
MAANIARA
MAANIRAA
MAANRAAI
MAANRAIA
MAANRIAA
MAARAAIN
MAARAANI
MAARAIAN
MAARAINA
MAARANAI
MAARANIA
MAARIAAN
MAARIANA
MAARINAA
MAARNAAI
MAARNAIA
MAARNIAA
MAIAAANR
MAIAAARN
MAIAANAR
MAIAANRA
MAIAARAN
MAIAARNA
MAIANAAR
MAIANARA
MAIANRAA
MAIARAAN
MAIARANA
MAIARNAA
MAINAAAR
MAINAARA
MAINARAA
MAINRAAA
MAIRAAAN
MAIRAANA
MAIRANAA
MAIRNAAA
MANAAAIR
MANAAARI
MANAAIAR
MANAAIRA
MANAARAI
MANAARIA
MANAIAAR
MANAIARA
MANAIRAA
MANARAAI
MANARAIA
MANARIAA
MANIAAAR
MANIAARA
MANIARAA
MANIRAAA
MANRAAAI
MANRAAIA
MANRAIAA
MANRIAAA
MARAAAIN
MARAAANI
MARAAIAN
MARAAINA
MARAANAI
MARAANIA
MARAIAAN
MARAIANA
MARAINAA
MARANAAI
MARANAIA
MARANIAA
MARIAAAN
MARIAANA
MARIANAA
MARINAAA
MARNAAAI
MARNAAIA
MARNAIAA
MARNIAAA
MIAAAANR
MIAAAARN
MIAAANAR
MIAAANRA
MIAAARAN
MIAAARNA
MIAANAAR
MIAANARA
MIAANRAA
MIAARAAN
MIAARANA
MIAARNAA
MIANAAAR
MIANAARA
MIANARAA
MIANRAAA
MIARAAAN
MIARAANA
MIARANAA
MIARNAAA
MINAAAAR
MINAAARA
MINAARAA
MINARAAA
MINRAAAA
MIRAAAAN
MIRAAANA
MIRAANAA
MIRANAAA
MIRNAAAA
MNAAAAIR
MNAAAARI
MNAAAIAR
MNAAAIRA
MNAAARAI
MNAAARIA
MNAAIAAR
MNAAIARA
MNAAIRAA
MNAARAAI
MNAARAIA
MNAARIAA
MNAIAAAR
MNAIAARA
MNAIARAA
MNAIRAAA
MNARAAAI
MNARAAIA
MNARAIAA
MNARIAAA
MNIAAAAR
MNIAAARA
MNIAARAA
MNIARAAA
MNIRAAAA
MNRAAAAI
MNRAAAIA
MNRAAIAA
MNRAIAAA
MNRIAAAA
MRAAAAIN
MRAAAANI
MRAAAIAN
MRAAAINA
MRAAANAI
MRAAANIA
MRAAIAAN
MRAAIANA
MRAAINAA
MRAANAAI
MRAANAIA
MRAANIAA
MRAIAAAN
MRAIAANA
MRAIANAA
MRAINAAA
MRANAAAI
MRANAAIA
MRANAIAA
MRANIAAA
MRIAAAAN
MRIAAANA
MRIAANAA
MRIANAAA
MRINAAAA
MRNAAAAI
MRNAAAIA
MRNAAIAA
MRNAIAAA
MRNIAAAA
NAAAAIMR
NAAAAIRM
NAAAAMIR
NAAAAMRI
NAAAARIM
NAAAARMI
NAAAIAMR
NAAAIARM
NAAAIMAR
NAAAIMRA
NAAAIRAM
NAAAIRMA
NAAAMAIR
NAAAMARI
NAAAMIAR
NAAAMIRA
NAAAMRAI
NAAAMRIA
NAAARAIM
NAAARAMI
NAAARIAM
NAAARIMA
NAAARMAI
NAAARMIA
NAAIAAMR
NAAIAARM
NAAIAMAR
NAAIAMRA
NAAIARAM
NAAIARMA
NAAIMAAR
NAAIMARA
NAAIMRAA
NAAIRAAM
NAAIRAMA
NAAIRMAA
NAAMAAIR
NAAMAARI
NAAMAIAR
NAAMAIRA
NAAMARAI
NAAMARIA
NAAMIAAR
NAAMIARA
NAAMIRAA
NAAMRAAI
NAAMRAIA
NAAMRIAA
NAARAAIM
NAARAAMI
NAARAIAM
NAARAIMA
NAARAMAI
NAARAMIA
NAARIAAM
NAARIAMA
NAARIMAA
NAARMAAI
NAARMAIA
NAARMIAA
NAIAAAMR
NAIAAARM
NAIAAMAR
NAIAAMRA
NAIAARAM
NAIAARMA
NAIAMAAR
NAIAMARA
NAIAMRAA
NAIARAAM
NAIARAMA
NAIARMAA
NAIMAAAR
NAIMAARA
NAIMARAA
NAIMRAAA
NAIRAAAM
NAIRAAMA
NAIRAMAA
NAIRMAAA
NAMAAAIR
NAMAAARI
NAMAAIAR
NAMAAIRA
NAMAARAI
NAMAARIA
NAMAIAAR
NAMAIARA
NAMAIRAA
NAMARAAI
NAMARAIA
NAMARIAA
NAMIAAAR
NAMIAARA
NAMIARAA
NAMIRAAA
NAMRAAAI
NAMRAAIA
NAMRAIAA
NAMRIAAA
NARAAAIM
NARAAAMI
NARAAIAM
NARAAIMA
NARAAMAI
NARAAMIA
NARAIAAM
NARAIAMA
NARAIMAA
NARAMAAI
NARAMAIA
NARAMIAA
NARIAAAM
NARIAAMA
NARIAMAA
NARIMAAA
NARMAAAI
NARMAAIA
NARMAIAA
NARMIAAA
NIAAAAMR
NIAAAARM
NIAAAMAR
NIAAAMRA
NIAAARAM
NIAAARMA
NIAAMAAR
NIAAMARA
NIAAMRAA
NIAARAAM
NIAARAMA
NIAARMAA
NIAMAAAR
NIAMAARA
NIAMARAA
NIAMRAAA
NIARAAAM
NIARAAMA
NIARAMAA
NIARMAAA
NIMAAAAR
NIMAAARA
NIMAARAA
NIMARAAA
NIMRAAAA
NIRAAAAM
NIRAAAMA
NIRAAMAA
NIRAMAAA
NIRMAAAA
NMAAAAIR
NMAAAARI
NMAAAIAR
NMAAAIRA
NMAAARAI
NMAAARIA
NMAAIAAR
NMAAIARA
NMAAIRAA
NMAARAAI
NMAARAIA
NMAARIAA
NMAIAAAR
NMAIAARA
NMAIARAA
NMAIRAAA
NMARAAAI
NMARAAIA
NMARAIAA
NMARIAAA
NMIAAAAR
NMIAAARA
NMIAARAA
NMIARAAA
NMIRAAAA
NMRAAAAI
NMRAAAIA
NMRAAIAA
NMRAIAAA
NMRIAAAA
NRAAAAIM
NRAAAAMI
NRAAAIAM
NRAAAIMA
NRAAAMAI
NRAAAMIA
NRAAIAAM
NRAAIAMA
NRAAIMAA
NRAAMAAI
NRAAMAIA
NRAAMIAA
NRAIAAAM
NRAIAAMA
NRAIAMAA
NRAIMAAA
NRAMAAAI
NRAMAAIA
NRAMAIAA
NRAMIAAA
NRIAAAAM
NRIAAAMA
NRIAAMAA
NRIAMAAA
NRIMAAAA
NRMAAAAI
NRMAAAIA
NRMAAIAA
NRMAIAAA
NRMIAAAA
RAAAAIMN
RAAAAINM
RAAAAMIN
RAAAAMNI
RAAAANIM
RAAAANMI
RAAAIAMN
RAAAIANM
RAAAIMAN
RAAAIMNA
RAAAINAM
RAAAINMA
RAAAMAIN
RAAAMANI
RAAAMIAN
RAAAMINA
RAAAMNAI
RAAAMNIA
RAAANAIM
RAAANAMI
RAAANIAM
RAAANIMA
RAAANMAI
RAAANMIA
RAAIAAMN
RAAIAANM
RAAIAMAN
RAAIAMNA
RAAIANAM
RAAIANMA
RAAIMAAN
RAAIMANA
RAAIMNAA
RAAINAAM
RAAINAMA
RAAINMAA
RAAMAAIN
RAAMAANI
RAAMAIAN
RAAMAINA
RAAMANAI
RAAMANIA
RAAMIAAN
RAAMIANA
RAAMINAA
RAAMNAAI
RAAMNAIA
RAAMNIAA
RAANAAIM
RAANAAMI
RAANAIAM
RAANAIMA
RAANAMAI
RAANAMIA
RAANIAAM
RAANIAMA
RAANIMAA
RAANMAAI
RAANMAIA
RAANMIAA
RAIAAAMN
RAIAAANM
RAIAAMAN
RAIAAMNA
RAIAANAM
RAIAANMA
RAIAMAAN
RAIAMANA
RAIAMNAA
RAIANAAM
RAIANAMA
RAIANMAA
RAIMAAAN
RAIMAANA
RAIMANAA
RAIMNAAA
RAINAAAM
RAINAAMA
RAINAMAA
RAINMAAA
RAMAAAIN
RAMAAANI
RAMAAIAN
RAMAAINA
RAMAANAI
RAMAANIA
RAMAIAAN
RAMAIANA
RAMAINAA
RAMANAAI
RAMANAIA
RAMANIAA
RAMIAAAN
RAMIAANA
RAMIANAA
RAMINAAA
RAMNAAAI
RAMNAAIA
RAMNAIAA
RAMNIAAA
RANAAAIM
RANAAAMI
RANAAIAM
RANAAIMA
RANAAMAI
RANAAMIA
RANAIAAM
RANAIAMA
RANAIMAA
RANAMAAI
RANAMAIA
RANAMIAA
RANIAAAM
RANIAAMA
RANIAMAA
RANIMAAA
RANMAAAI
RANMAAIA
RANMAIAA
RANMIAAA
RIAAAAMN
RIAAAANM
RIAAAMAN
RIAAAMNA
RIAAANAM
RIAAANMA
RIAAMAAN
RIAAMANA
RIAAMNAA
RIAANAAM
RIAANAMA
RIAANMAA
RIAMAAAN
RIAMAANA
RIAMANAA
RIAMNAAA
RIANAAAM
RIANAAMA
RIANAMAA
RIANMAAA
RIMAAAAN
RIMAAANA
RIMAANAA
RIMANAAA
RIMNAAAA
RINAAAAM
RINAAAMA
RINAAMAA
RINAMAAA
RINMAAAA
RMAAAAIN
RMAAAANI
RMAAAIAN
RMAAAINA
RMAAANAI
RMAAANIA
RMAAIAAN
RMAAIANA
RMAAINAA
RMAANAAI
RMAANAIA
RMAANIAA
RMAIAAAN
RMAIAANA
RMAIANAA
RMAINAAA
RMANAAAI
RMANAAIA
RMANAIAA
RMANIAAA
RMIAAAAN
RMIAAANA
RMIAANAA
RMIANAAA
RMINAAAA
RMNAAAAI
RMNAAAIA
RMNAAIAA
RMNAIAAA
RMNIAAAA
RNAAAAIM
RNAAAAMI
RNAAAIAM
RNAAAIMA
RNAAAMAI
RNAAAMIA
RNAAIAAM
RNAAIAMA
RNAAIMAA
RNAAMAAI
RNAAMAIA
RNAAMIAA
RNAIAAAM
RNAIAAMA
RNAIAMAA
RNAIMAAA
RNAMAAAI
RNAMAAIA
RNAMAIAA
RNAMIAAA
RNIAAAAM
RNIAAAMA
RNIAAMAA
RNIAMAAA
RNIMAAAA
RNMAAAAI
RNMAAAIA
RNMAAIAA
RNMAIAAA
RNMIAAAA
1680 solutii!